2024-06-11T15:27:45.795+09:00  INFO 18904 --- [restartedMain] c.s.c.CareerCruiseApplication            : Starting CareerCruiseApplication using Java 17.0.2 with PID 18904 (D:\career_cruise\target\classes started by ottotto in D:\career_cruise)
2024-06-11T15:27:45.795+09:00 DEBUG 18904 --- [restartedMain] c.s.c.CareerCruiseApplication            : Running with Spring Boot v3.2.3, Spring v6.1.4
2024-06-11T15:27:45.796+09:00  INFO 18904 --- [restartedMain] c.s.c.CareerCruiseApplication            : No active profile set, falling back to 1 default profile: "default"
2024-06-11T15:27:45.891+09:00  INFO 18904 --- [restartedMain] .s.d.r.c.RepositoryConfigurationDelegate : Bootstrapping Spring Data JPA repositories in DEFAULT mode.
2024-06-11T15:27:45.899+09:00  INFO 18904 --- [restartedMain] .s.d.r.c.RepositoryConfigurationDelegate : Finished Spring Data repository scanning in 6 ms. Found 1 JPA repository interface.
2024-06-11T15:27:45.963+09:00  INFO 18904 --- [restartedMain] o.s.b.w.embedded.tomcat.TomcatWebServer  : Tomcat initialized with port 8081 (http)
2024-06-11T15:27:45.964+09:00  INFO 18904 --- [restartedMain] o.apache.catalina.core.StandardService   : Starting service [Tomcat]
2024-06-11T15:27:45.964+09:00  INFO 18904 --- [restartedMain] o.apache.catalina.core.StandardEngine    : Starting Servlet engine: [Apache Tomcat/10.1.19]
2024-06-11T15:27:45.981+09:00  INFO 18904 --- [restartedMain] o.a.c.c.C.[Tomcat].[localhost].[/]       : Initializing Spring embedded WebApplicationContext
2024-06-11T15:27:45.981+09:00  INFO 18904 --- [restartedMain] w.s.c.ServletWebServerApplicationContext : Root WebApplicationContext: initialization completed in 184 ms
2024-06-11T15:27:46.009+09:00  INFO 18904 --- [restartedMain] com.zaxxer.hikari.HikariDataSource       : HikariPool-15 - Starting...
2024-06-11T15:27:46.015+09:00  INFO 18904 --- [restartedMain] com.zaxxer.hikari.pool.HikariPool        : HikariPool-15 - Added connection com.mysql.cj.jdbc.ConnectionImpl@67d0b0
2024-06-11T15:27:46.015+09:00  INFO 18904 --- [restartedMain] com.zaxxer.hikari.HikariDataSource       : HikariPool-15 - Start completed.
2024-06-11T15:27:46.016+09:00  INFO 18904 --- [restartedMain] o.hibernate.jpa.internal.util.LogHelper  : HHH000204: Processing PersistenceUnitInfo [name: default]
2024-06-11T15:27:46.017+09:00  INFO 18904 --- [restartedMain] o.h.c.internal.RegionFactoryInitiator    : HHH000026: Second-level cache disabled
2024-06-11T15:27:46.021+09:00  INFO 18904 --- [restartedMain] o.s.o.j.p.SpringPersistenceUnitInfo      : No LoadTimeWeaver setup: ignoring JPA class transformer
2024-06-11T15:27:46.023+09:00  WARN 18904 --- [restartedMain] org.hibernate.dialect.Dialect            : HHH000511: The 5.7.0 version for [org.hibernate.dialect.MySQLDialect] is no longer supported, hence certain features may not work properly. The minimum supported version is 8.0.0. Check the community dialects project for available legacy versions.
2024-06-11T15:27:46.042+09:00  INFO 18904 --- [restartedMain] o.h.e.t.j.p.i.JtaPlatformInitiator       : HHH000489: No JTA platform available (set 'hibernate.transaction.jta.platform' to enable JTA platform integration)
2024-06-11T15:27:46.042+09:00  INFO 18904 --- [restartedMain] j.LocalContainerEntityManagerFactoryBean : Initialized JPA EntityManagerFactory for persistence unit 'default'
2024-06-11T15:27:46.106+09:00  INFO 18904 --- [restartedMain] c.s.c.aspect.CommonLogAspect             : start:PasswordEncoder com.sr.career_cruise.config.BeanDefine.passwordEncoder()
2024-06-11T15:27:46.106+09:00  INFO 18904 --- [restartedMain] c.s.c.aspect.CommonLogAspect             : end:PasswordEncoder com.sr.career_cruise.config.BeanDefine.passwordEncoder()
2024-06-11T15:27:46.119+09:00  INFO 18904 --- [restartedMain] c.s.c.aspect.CommonLogAspect             : start:Mapper com.sr.career_cruise.config.BeanDefine.mapper()
2024-06-11T15:27:46.119+09:00  INFO 18904 --- [restartedMain] org.dozer.DozerBeanMapper                : Initializing a new instance of dozer bean mapper.
2024-06-11T15:27:46.120+09:00  INFO 18904 --- [restartedMain] c.s.c.aspect.CommonLogAspect             : end:Mapper com.sr.career_cruise.config.BeanDefine.mapper()
2024-06-11T15:27:46.144+09:00  WARN 18904 --- [restartedMain] JpaBaseConfiguration$JpaWebConfiguration : spring.jpa.open-in-view is enabled by default. Therefore, database queries may be performed during view rendering. Explicitly configure spring.jpa.open-in-view to disable this warning
2024-06-11T15:27:46.152+09:00  INFO 18904 --- [restartedMain] c.s.c.aspect.CommonLogAspect             : start:AuthenticationProvider com.sr.career_cruise.config.WebSecurityConfig.daoAuthenticationProvider()
2024-06-11T15:27:46.153+09:00  INFO 18904 --- [restartedMain] c.s.c.aspect.CommonLogAspect             : end:AuthenticationProvider com.sr.career_cruise.config.WebSecurityConfig.daoAuthenticationProvider()
2024-06-11T15:27:46.214+09:00  INFO 18904 --- [restartedMain] c.s.c.aspect.CommonLogAspect             : start:SecurityFilterChain com.sr.career_cruise.config.WebSecurityConfig.securityFilterChain(HttpSecurity)
2024-06-11T15:27:46.224+09:00  INFO 18904 --- [restartedMain] o.s.s.web.DefaultSecurityFilterChain     : Will secure any request with [org.springframework.security.web.session.DisableEncodeUrlFilter@3bd604f1, org.springframework.security.web.context.request.async.WebAsyncManagerIntegrationFilter@47c433bc, org.springframework.security.web.context.SecurityContextHolderFilter@13163a5b, org.springframework.security.web.header.HeaderWriterFilter@742e46ed, org.springframework.web.filter.CorsFilter@3585cf03, org.springframework.security.web.csrf.CsrfFilter@60b30cbf, org.springframework.security.web.authentication.logout.LogoutFilter@3f1df072, org.springframework.security.web.authentication.UsernamePasswordAuthenticationFilter@6b98e790, org.springframework.security.web.savedrequest.RequestCacheAwareFilter@6bb81a72, org.springframework.security.web.servletapi.SecurityContextHolderAwareRequestFilter@1be4f1db, org.springframework.security.web.authentication.AnonymousAuthenticationFilter@190d1a44, org.springframework.security.web.access.ExceptionTranslationFilter@137c6a14, org.springframework.security.web.access.intercept.AuthorizationFilter@288b4700]
2024-06-11T15:27:46.224+09:00  INFO 18904 --- [restartedMain] c.s.c.aspect.CommonLogAspect             : end:SecurityFilterChain com.sr.career_cruise.config.WebSecurityConfig.securityFilterChain(HttpSecurity)
2024-06-11T15:27:46.311+09:00  INFO 18904 --- [restartedMain] o.s.b.d.a.OptionalLiveReloadServer       : LiveReload server is running on port 35729
2024-06-11T15:27:46.317+09:00  INFO 18904 --- [restartedMain] o.s.b.w.embedded.tomcat.TomcatWebServer  : Tomcat started on port 8081 (http) with context path ''
2024-06-11T15:27:46.319+09:00  INFO 18904 --- [restartedMain] c.s.c.CareerCruiseApplication            : Started CareerCruiseApplication in 0.538 seconds (process running for 1191.334)
2024-06-11T15:27:46.320+09:00  INFO 18904 --- [restartedMain] .ConditionEvaluationDeltaLoggingListener : Condition evaluation unchanged
2024-06-11T15:27:48.757+09:00  INFO 18904 --- [File Watcher] rtingClassPathChangeChangedEventListener : Restarting due to 1 class path change (0 additions, 0 deletions, 1 modification)
2024-06-11T15:27:48.765+09:00  INFO 18904 --- [Thread-59] j.LocalContainerEntityManagerFactoryBean : Closing JPA EntityManagerFactory for persistence unit 'default'
2024-06-11T15:27:48.766+09:00  INFO 18904 --- [Thread-59] com.zaxxer.hikari.HikariDataSource       : HikariPool-15 - Shutdown initiated...
2024-06-11T15:27:48.768+09:00  INFO 18904 --- [Thread-59] com.zaxxer.hikari.HikariDataSource       : HikariPool-15 - Shutdown completed.
2024-06-11T15:27:48.823+09:00  INFO 18904 --- [restartedMain] c.s.c.CareerCruiseApplication            : Starting CareerCruiseApplication using Java 17.0.2 with PID 18904 (D:\career_cruise\target\classes started by ottotto in D:\career_cruise)
2024-06-11T15:27:48.824+09:00 DEBUG 18904 --- [restartedMain] c.s.c.CareerCruiseApplication            : Running with Spring Boot v3.2.3, Spring v6.1.4
2024-06-11T15:27:48.824+09:00  INFO 18904 --- [restartedMain] c.s.c.CareerCruiseApplication            : No active profile set, falling back to 1 default profile: "default"
2024-06-11T15:27:48.928+09:00  INFO 18904 --- [restartedMain] .s.d.r.c.RepositoryConfigurationDelegate : Bootstrapping Spring Data JPA repositories in DEFAULT mode.
2024-06-11T15:27:48.937+09:00  INFO 18904 --- [restartedMain] .s.d.r.c.RepositoryConfigurationDelegate : Finished Spring Data repository scanning in 8 ms. Found 1 JPA repository interface.
2024-06-11T15:27:49.014+09:00  INFO 18904 --- [restartedMain] o.s.b.w.embedded.tomcat.TomcatWebServer  : Tomcat initialized with port 8081 (http)
2024-06-11T15:27:49.016+09:00  INFO 18904 --- [restartedMain] o.apache.catalina.core.StandardService   : Starting service [Tomcat]
2024-06-11T15:27:49.016+09:00  INFO 18904 --- [restartedMain] o.apache.catalina.core.StandardEngine    : Starting Servlet engine: [Apache Tomcat/10.1.19]
2024-06-11T15:27:49.030+09:00  INFO 18904 --- [restartedMain] o.a.c.c.C.[Tomcat].[localhost].[/]       : Initializing Spring embedded WebApplicationContext
2024-06-11T15:27:49.030+09:00  INFO 18904 --- [restartedMain] w.s.c.ServletWebServerApplicationContext : Root WebApplicationContext: initialization completed in 205 ms
2024-06-11T15:27:49.057+09:00  INFO 18904 --- [restartedMain] com.zaxxer.hikari.HikariDataSource       : HikariPool-16 - Starting...
2024-06-11T15:27:49.064+09:00  INFO 18904 --- [restartedMain] com.zaxxer.hikari.pool.HikariPool        : HikariPool-16 - Added connection com.mysql.cj.jdbc.ConnectionImpl@3635fa68
2024-06-11T15:27:49.064+09:00  INFO 18904 --- [restartedMain] com.zaxxer.hikari.HikariDataSource       : HikariPool-16 - Start completed.
2024-06-11T15:27:49.065+09:00  INFO 18904 --- [restartedMain] o.hibernate.jpa.internal.util.LogHelper  : HHH000204: Processing PersistenceUnitInfo [name: default]
2024-06-11T15:27:49.066+09:00  INFO 18904 --- [restartedMain] o.h.c.internal.RegionFactoryInitiator    : HHH000026: Second-level cache disabled
2024-06-11T15:27:49.069+09:00  INFO 18904 --- [restartedMain] o.s.o.j.p.SpringPersistenceUnitInfo      : No LoadTimeWeaver setup: ignoring JPA class transformer
2024-06-11T15:27:49.070+09:00  WARN 18904 --- [restartedMain] org.hibernate.dialect.Dialect            : HHH000511: The 5.7.0 version for [org.hibernate.dialect.MySQLDialect] is no longer supported, hence certain features may not work properly. The minimum supported version is 8.0.0. Check the community dialects project for available legacy versions.
2024-06-11T15:27:49.090+09:00  INFO 18904 --- [restartedMain] o.h.e.t.j.p.i.JtaPlatformInitiator       : HHH000489: No JTA platform available (set 'hibernate.transaction.jta.platform' to enable JTA platform integration)
2024-06-11T15:27:49.090+09:00  INFO 18904 --- [restartedMain] j.LocalContainerEntityManagerFactoryBean : Initialized JPA EntityManagerFactory for persistence unit 'default'
2024-06-11T15:27:49.144+09:00  INFO 18904 --- [restartedMain] c.s.c.aspect.CommonLogAspect             : start:PasswordEncoder com.sr.career_cruise.config.BeanDefine.passwordEncoder()
2024-06-11T15:27:49.145+09:00  INFO 18904 --- [restartedMain] c.s.c.aspect.CommonLogAspect             : end:PasswordEncoder com.sr.career_cruise.config.BeanDefine.passwordEncoder()
2024-06-11T15:27:49.155+09:00  INFO 18904 --- [restartedMain] c.s.c.aspect.CommonLogAspect             : start:Mapper com.sr.career_cruise.config.BeanDefine.mapper()
2024-06-11T15:27:49.155+09:00  INFO 18904 --- [restartedMain] org.dozer.DozerBeanMapper                : Initializing a new instance of dozer bean mapper.
2024-06-11T15:27:49.155+09:00  INFO 18904 --- [restartedMain] c.s.c.aspect.CommonLogAspect             : end:Mapper com.sr.career_cruise.config.BeanDefine.mapper()
2024-06-11T15:27:49.176+09:00  WARN 18904 --- [restartedMain] JpaBaseConfiguration$JpaWebConfiguration : spring.jpa.open-in-view is enabled by default. Therefore, database queries may be performed during view rendering. Explicitly configure spring.jpa.open-in-view to disable this warning
2024-06-11T15:27:49.184+09:00  INFO 18904 --- [restartedMain] c.s.c.aspect.CommonLogAspect             : start:AuthenticationProvider com.sr.career_cruise.config.WebSecurityConfig.daoAuthenticationProvider()
2024-06-11T15:27:49.185+09:00  INFO 18904 --- [restartedMain] c.s.c.aspect.CommonLogAspect             : end:AuthenticationProvider com.sr.career_cruise.config.WebSecurityConfig.daoAuthenticationProvider()
2024-06-11T15:27:49.255+09:00  INFO 18904 --- [restartedMain] c.s.c.aspect.CommonLogAspect             : start:SecurityFilterChain com.sr.career_cruise.config.WebSecurityConfig.securityFilterChain(HttpSecurity)
2024-06-11T15:27:49.266+09:00  INFO 18904 --- [restartedMain] o.s.s.web.DefaultSecurityFilterChain     : Will secure any request with [org.springframework.security.web.session.DisableEncodeUrlFilter@53333c2d, org.springframework.security.web.context.request.async.WebAsyncManagerIntegrationFilter@466464f8, org.springframework.security.web.context.SecurityContextHolderFilter@618f547f, org.springframework.security.web.header.HeaderWriterFilter@236a9c90, org.springframework.web.filter.CorsFilter@814396a, org.springframework.security.web.csrf.CsrfFilter@35f3995c, org.springframework.security.web.authentication.logout.LogoutFilter@196b07b5, org.springframework.security.web.authentication.UsernamePasswordAuthenticationFilter@1224d773, org.springframework.security.web.savedrequest.RequestCacheAwareFilter@481f186b, org.springframework.security.web.servletapi.SecurityContextHolderAwareRequestFilter@75a51b15, org.springframework.security.web.authentication.AnonymousAuthenticationFilter@3c3ff854, org.springframework.security.web.access.ExceptionTranslationFilter@5dec1d60, org.springframework.security.web.access.intercept.AuthorizationFilter@74a75325]
2024-06-11T15:27:49.267+09:00  INFO 18904 --- [restartedMain] c.s.c.aspect.CommonLogAspect             : end:SecurityFilterChain com.sr.career_cruise.config.WebSecurityConfig.securityFilterChain(HttpSecurity)
2024-06-11T15:27:49.343+09:00  INFO 18904 --- [restartedMain] o.s.b.d.a.OptionalLiveReloadServer       : LiveReload server is running on port 35729
2024-06-11T15:27:49.349+09:00  INFO 18904 --- [restartedMain] o.s.b.w.embedded.tomcat.TomcatWebServer  : Tomcat started on port 8081 (http) with context path ''
2024-06-11T15:27:49.350+09:00  INFO 18904 --- [restartedMain] c.s.c.CareerCruiseApplication            : Started CareerCruiseApplication in 0.544 seconds (process running for 1194.366)
2024-06-11T15:27:49.351+09:00  INFO 18904 --- [restartedMain] .ConditionEvaluationDeltaLoggingListener : Condition evaluation unchanged
2024-06-11T15:28:16.795+09:00  INFO 18904 --- [http-nio-8081-exec-1] o.a.c.c.C.[Tomcat].[localhost].[/]       : Initializing Spring DispatcherServlet 'dispatcherServlet'
2024-06-11T15:28:16.796+09:00  INFO 18904 --- [http-nio-8081-exec-1] o.s.web.servlet.DispatcherServlet        : Initializing Servlet 'dispatcherServlet'
2024-06-11T15:28:16.796+09:00  INFO 18904 --- [http-nio-8081-exec-1] o.s.web.servlet.DispatcherServlet        : Completed initialization in 0 ms
2024-06-11T15:28:16.798+09:00  INFO 18904 --- [http-nio-8081-exec-1] c.s.c.aspect.CommonLogAspect             : start:String com.sr.career_cruise.controller.SignupController.view(Model,SignupForm)
2024-06-11T15:28:16.798+09:00  INFO 18904 --- [http-nio-8081-exec-1] c.s.c.aspect.CommonLogAspect             : end:String com.sr.career_cruise.controller.SignupController.view(Model,SignupForm)
2024-06-11T15:28:16.804+09:00  WARN 18904 --- [http-nio-8081-exec-1] actStandardFragmentInsertionTagProcessor : [THYMELEAF][http-nio-8081-exec-1][signup] Deprecated unwrapped fragment expression "common/sourceList :: sourceList" found in template signup, line 9, col 8. Please use the complete syntax of fragment expressions instead ("~{common/sourceList :: sourceList}"). The old, unwrapped syntax for fragment expressions will be removed in future versions of Thymeleaf.
2024-06-11T15:28:16.806+09:00  WARN 18904 --- [http-nio-8081-exec-1] actStandardFragmentInsertionTagProcessor : [THYMELEAF][http-nio-8081-exec-1][signup] Deprecated unwrapped fragment expression "common/messageIcon :: messageIcon" found in template signup, line 10, col 8. Please use the complete syntax of fragment expressions instead ("~{common/messageIcon :: messageIcon}"). The old, unwrapped syntax for fragment expressions will be removed in future versions of Thymeleaf.
2024-06-11T15:30:07.164+09:00  INFO 18904 --- [http-nio-8081-exec-7] c.s.c.aspect.CommonLogAspect             : start:void com.sr.career_cruise.controller.SignupController.signup(Model,SignupForm,BindingResult)
2024-06-11T15:30:07.165+09:00  INFO 18904 --- [http-nio-8081-exec-7] c.s.c.aspect.CommonLogAspect             : start:Optional com.sr.career_cruise.service.SignupServiceImpl.registerUserInfo(SignupForm)
2024-06-11T15:30:07.166+09:00  INFO 18904 --- [http-nio-8081-exec-7] c.s.c.aspect.CommonLogAspect             : start:Optional org.springframework.data.repository.CrudRepository.findById(Object)
2024-06-11T15:30:07.170+09:00  INFO 18904 --- [http-nio-8081-exec-7] c.s.c.aspect.CommonLogAspect             : end:Optional org.springframework.data.repository.CrudRepository.findById(Object)
2024-06-11T15:30:07.280+09:00  INFO 18904 --- [http-nio-8081-exec-7] c.s.c.aspect.CommonLogAspect             : start:Object org.springframework.data.repository.CrudRepository.save(Object)
2024-06-11T15:30:07.298+09:00  INFO 18904 --- [http-nio-8081-exec-7] c.s.c.aspect.CommonLogAspect             : end:Object org.springframework.data.repository.CrudRepository.save(Object)
2024-06-11T15:30:07.298+09:00  INFO 18904 --- [http-nio-8081-exec-7] c.s.c.aspect.CommonLogAspect             : end:Optional com.sr.career_cruise.service.SignupServiceImpl.registerUserInfo(SignupForm)
2024-06-11T15:30:07.300+09:00  INFO 18904 --- [http-nio-8081-exec-7] c.s.c.aspect.CommonLogAspect             : end:void com.sr.career_cruise.controller.SignupController.signup(Model,SignupForm,BindingResult)
2024-06-11T15:30:07.302+09:00  WARN 18904 --- [http-nio-8081-exec-7] actStandardFragmentInsertionTagProcessor : [THYMELEAF][http-nio-8081-exec-7][signup] Deprecated unwrapped fragment expression "common/sourceList :: sourceList" found in template signup, line 9, col 8. Please use the complete syntax of fragment expressions instead ("~{common/sourceList :: sourceList}"). The old, unwrapped syntax for fragment expressions will be removed in future versions of Thymeleaf.
2024-06-11T15:30:07.303+09:00  WARN 18904 --- [http-nio-8081-exec-7] actStandardFragmentInsertionTagProcessor : [THYMELEAF][http-nio-8081-exec-7][signup] Deprecated unwrapped fragment expression "common/messageIcon :: messageIcon" found in template signup, line 10, col 8. Please use the complete syntax of fragment expressions instead ("~{common/messageIcon :: messageIcon}"). The old, unwrapped syntax for fragment expressions will be removed in future versions of Thymeleaf.
2024-06-11T15:30:41.111+09:00  INFO 18904 --- [http-nio-8081-exec-9] c.s.c.aspect.CommonLogAspect             : start:void com.sr.career_cruise.controller.SignupController.signup(Model,SignupForm,BindingResult)
2024-06-11T15:30:41.112+09:00  INFO 18904 --- [http-nio-8081-exec-9] c.s.c.aspect.CommonLogAspect             : start:Optional com.sr.career_cruise.service.SignupServiceImpl.registerUserInfo(SignupForm)
2024-06-11T15:30:41.112+09:00  INFO 18904 --- [http-nio-8081-exec-9] c.s.c.aspect.CommonLogAspect             : start:Optional org.springframework.data.repository.CrudRepository.findById(Object)
2024-06-11T15:30:41.114+09:00  INFO 18904 --- [http-nio-8081-exec-9] c.s.c.aspect.CommonLogAspect             : end:Optional org.springframework.data.repository.CrudRepository.findById(Object)
2024-06-11T15:30:41.168+09:00  INFO 18904 --- [http-nio-8081-exec-9] c.s.c.aspect.CommonLogAspect             : start:Object org.springframework.data.repository.CrudRepository.save(Object)
2024-06-11T15:30:41.171+09:00  INFO 18904 --- [http-nio-8081-exec-9] c.s.c.aspect.CommonLogAspect             : end:Object org.springframework.data.repository.CrudRepository.save(Object)
2024-06-11T15:30:41.172+09:00  INFO 18904 --- [http-nio-8081-exec-9] c.s.c.aspect.CommonLogAspect             : end:Optional com.sr.career_cruise.service.SignupServiceImpl.registerUserInfo(SignupForm)
2024-06-11T15:30:41.172+09:00  INFO 18904 --- [http-nio-8081-exec-9] c.s.c.aspect.CommonLogAspect             : end:void com.sr.career_cruise.controller.SignupController.signup(Model,SignupForm,BindingResult)
2024-06-11T15:30:41.173+09:00  WARN 18904 --- [http-nio-8081-exec-9] actStandardFragmentInsertionTagProcessor : [THYMELEAF][http-nio-8081-exec-9][signup] Deprecated unwrapped fragment expression "common/sourceList :: sourceList" found in template signup, line 9, col 8. Please use the complete syntax of fragment expressions instead ("~{common/sourceList :: sourceList}"). The old, unwrapped syntax for fragment expressions will be removed in future versions of Thymeleaf.
2024-06-11T15:30:41.174+09:00  WARN 18904 --- [http-nio-8081-exec-9] actStandardFragmentInsertionTagProcessor : [THYMELEAF][http-nio-8081-exec-9][signup] Deprecated unwrapped fragment expression "common/messageIcon :: messageIcon" found in template signup, line 10, col 8. Please use the complete syntax of fragment expressions instead ("~{common/messageIcon :: messageIcon}"). The old, unwrapped syntax for fragment expressions will be removed in future versions of Thymeleaf.
2024-06-11T15:32:37.099+09:00  INFO 18904 --- [File Watcher] rtingClassPathChangeChangedEventListener : Restarting due to 1 class path change (0 additions, 0 deletions, 1 modification)
2024-06-11T15:32:37.108+09:00  INFO 18904 --- [Thread-63] j.LocalContainerEntityManagerFactoryBean : Closing JPA EntityManagerFactory for persistence unit 'default'
2024-06-11T15:32:37.109+09:00  INFO 18904 --- [Thread-63] com.zaxxer.hikari.HikariDataSource       : HikariPool-16 - Shutdown initiated...
2024-06-11T15:32:37.111+09:00  INFO 18904 --- [Thread-63] com.zaxxer.hikari.HikariDataSource       : HikariPool-16 - Shutdown completed.
2024-06-11T15:32:37.167+09:00  INFO 18904 --- [restartedMain] c.s.c.CareerCruiseApplication            : Starting CareerCruiseApplication using Java 17.0.2 with PID 18904 (D:\career_cruise\target\classes started by ottotto in D:\career_cruise)
2024-06-11T15:32:37.167+09:00 DEBUG 18904 --- [restartedMain] c.s.c.CareerCruiseApplication            : Running with Spring Boot v3.2.3, Spring v6.1.4
2024-06-11T15:32:37.168+09:00  INFO 18904 --- [restartedMain] c.s.c.CareerCruiseApplication            : No active profile set, falling back to 1 default profile: "default"
2024-06-11T15:32:37.268+09:00  INFO 18904 --- [restartedMain] .s.d.r.c.RepositoryConfigurationDelegate : Bootstrapping Spring Data JPA repositories in DEFAULT mode.
2024-06-11T15:32:37.275+09:00  INFO 18904 --- [restartedMain] .s.d.r.c.RepositoryConfigurationDelegate : Finished Spring Data repository scanning in 5 ms. Found 1 JPA repository interface.
2024-06-11T15:32:37.362+09:00  INFO 18904 --- [restartedMain] o.s.b.w.embedded.tomcat.TomcatWebServer  : Tomcat initialized with port 8081 (http)
2024-06-11T15:32:37.363+09:00  INFO 18904 --- [restartedMain] o.apache.catalina.core.StandardService   : Starting service [Tomcat]
2024-06-11T15:32:37.363+09:00  INFO 18904 --- [restartedMain] o.apache.catalina.core.StandardEngine    : Starting Servlet engine: [Apache Tomcat/10.1.19]
2024-06-11T15:32:37.379+09:00  INFO 18904 --- [restartedMain] o.a.c.c.C.[Tomcat].[localhost].[/]       : Initializing Spring embedded WebApplicationContext
2024-06-11T15:32:37.379+09:00  INFO 18904 --- [restartedMain] w.s.c.ServletWebServerApplicationContext : Root WebApplicationContext: initialization completed in 210 ms
2024-06-11T15:32:37.409+09:00  INFO 18904 --- [restartedMain] com.zaxxer.hikari.HikariDataSource       : HikariPool-17 - Starting...
2024-06-11T15:32:37.415+09:00  INFO 18904 --- [restartedMain] com.zaxxer.hikari.pool.HikariPool        : HikariPool-17 - Added connection com.mysql.cj.jdbc.ConnectionImpl@700f7fd5
2024-06-11T15:32:37.415+09:00  INFO 18904 --- [restartedMain] com.zaxxer.hikari.HikariDataSource       : HikariPool-17 - Start completed.
2024-06-11T15:32:37.416+09:00  INFO 18904 --- [restartedMain] o.hibernate.jpa.internal.util.LogHelper  : HHH000204: Processing PersistenceUnitInfo [name: default]
2024-06-11T15:32:37.418+09:00  INFO 18904 --- [restartedMain] o.h.c.internal.RegionFactoryInitiator    : HHH000026: Second-level cache disabled
2024-06-11T15:32:37.420+09:00  INFO 18904 --- [restartedMain] o.s.o.j.p.SpringPersistenceUnitInfo      : No LoadTimeWeaver setup: ignoring JPA class transformer
2024-06-11T15:32:37.422+09:00  WARN 18904 --- [restartedMain] org.hibernate.dialect.Dialect            : HHH000511: The 5.7.0 version for [org.hibernate.dialect.MySQLDialect] is no longer supported, hence certain features may not work properly. The minimum supported version is 8.0.0. Check the community dialects project for available legacy versions.
2024-06-11T15:32:37.445+09:00  INFO 18904 --- [restartedMain] o.h.e.t.j.p.i.JtaPlatformInitiator       : HHH000489: No JTA platform available (set 'hibernate.transaction.jta.platform' to enable JTA platform integration)
2024-06-11T15:32:37.446+09:00  INFO 18904 --- [restartedMain] j.LocalContainerEntityManagerFactoryBean : Initialized JPA EntityManagerFactory for persistence unit 'default'
2024-06-11T15:32:37.495+09:00  INFO 18904 --- [restartedMain] c.s.c.aspect.CommonLogAspect             : start:PasswordEncoder com.sr.career_cruise.config.BeanDefine.passwordEncoder()
2024-06-11T15:32:37.496+09:00  INFO 18904 --- [restartedMain] c.s.c.aspect.CommonLogAspect             : end:PasswordEncoder com.sr.career_cruise.config.BeanDefine.passwordEncoder()
2024-06-11T15:32:37.505+09:00  INFO 18904 --- [restartedMain] c.s.c.aspect.CommonLogAspect             : start:Mapper com.sr.career_cruise.config.BeanDefine.mapper()
2024-06-11T15:32:37.506+09:00  INFO 18904 --- [restartedMain] org.dozer.DozerBeanMapper                : Initializing a new instance of dozer bean mapper.
2024-06-11T15:32:37.506+09:00  INFO 18904 --- [restartedMain] c.s.c.aspect.CommonLogAspect             : end:Mapper com.sr.career_cruise.config.BeanDefine.mapper()
2024-06-11T15:32:37.522+09:00  WARN 18904 --- [restartedMain] JpaBaseConfiguration$JpaWebConfiguration : spring.jpa.open-in-view is enabled by default. Therefore, database queries may be performed during view rendering. Explicitly configure spring.jpa.open-in-view to disable this warning
2024-06-11T15:32:37.528+09:00  INFO 18904 --- [restartedMain] c.s.c.aspect.CommonLogAspect             : start:AuthenticationProvider com.sr.career_cruise.config.WebSecurityConfig.daoAuthenticationProvider()
2024-06-11T15:32:37.529+09:00  INFO 18904 --- [restartedMain] c.s.c.aspect.CommonLogAspect             : end:AuthenticationProvider com.sr.career_cruise.config.WebSecurityConfig.daoAuthenticationProvider()
2024-06-11T15:32:37.595+09:00  INFO 18904 --- [restartedMain] c.s.c.aspect.CommonLogAspect             : start:SecurityFilterChain com.sr.career_cruise.config.WebSecurityConfig.securityFilterChain(HttpSecurity)
2024-06-11T15:32:37.605+09:00  INFO 18904 --- [restartedMain] o.s.s.web.DefaultSecurityFilterChain     : Will secure any request with [org.springframework.security.web.session.DisableEncodeUrlFilter@1eff1b64, org.springframework.security.web.context.request.async.WebAsyncManagerIntegrationFilter@13ff8bc8, org.springframework.security.web.context.SecurityContextHolderFilter@28a3e400, org.springframework.security.web.header.HeaderWriterFilter@1dea207e, org.springframework.web.filter.CorsFilter@65fad30a, org.springframework.security.web.csrf.CsrfFilter@26f022f3, org.springframework.security.web.authentication.logout.LogoutFilter@682d2e61, org.springframework.security.web.authentication.UsernamePasswordAuthenticationFilter@1fa070d7, org.springframework.security.web.savedrequest.RequestCacheAwareFilter@fe3ac5d, org.springframework.security.web.servletapi.SecurityContextHolderAwareRequestFilter@133c69af, org.springframework.security.web.authentication.AnonymousAuthenticationFilter@794031aa, org.springframework.security.web.access.ExceptionTranslationFilter@46bb4f09, org.springframework.security.web.access.intercept.AuthorizationFilter@a3f8994]
2024-06-11T15:32:37.606+09:00  INFO 18904 --- [restartedMain] c.s.c.aspect.CommonLogAspect             : end:SecurityFilterChain com.sr.career_cruise.config.WebSecurityConfig.securityFilterChain(HttpSecurity)
2024-06-11T15:32:37.676+09:00  INFO 18904 --- [restartedMain] o.s.b.d.a.OptionalLiveReloadServer       : LiveReload server is running on port 35729
2024-06-11T15:32:37.682+09:00  INFO 18904 --- [restartedMain] o.s.b.w.embedded.tomcat.TomcatWebServer  : Tomcat started on port 8081 (http) with context path ''
2024-06-11T15:32:37.684+09:00  INFO 18904 --- [restartedMain] c.s.c.CareerCruiseApplication            : Started CareerCruiseApplication in 0.529 seconds (process running for 1482.699)
2024-06-11T15:32:37.684+09:00  INFO 18904 --- [restartedMain] .ConditionEvaluationDeltaLoggingListener : Condition evaluation unchanged
2024-06-11T15:35:41.732+09:00  INFO 18904 --- [http-nio-8081-exec-1] o.a.c.c.C.[Tomcat].[localhost].[/]       : Initializing Spring DispatcherServlet 'dispatcherServlet'
2024-06-11T15:35:41.733+09:00  INFO 18904 --- [http-nio-8081-exec-1] o.s.web.servlet.DispatcherServlet        : Initializing Servlet 'dispatcherServlet'
2024-06-11T15:35:41.734+09:00  INFO 18904 --- [http-nio-8081-exec-1] o.s.web.servlet.DispatcherServlet        : Completed initialization in 1 ms
2024-06-11T15:35:41.736+09:00  INFO 18904 --- [http-nio-8081-exec-1] c.s.c.aspect.CommonLogAspect             : start:String com.sr.career_cruise.controller.LoginController.view(Model,LoginForm)
2024-06-11T15:35:41.737+09:00  INFO 18904 --- [http-nio-8081-exec-1] c.s.c.aspect.CommonLogAspect             : end:String com.sr.career_cruise.controller.LoginController.view(Model,LoginForm)
2024-06-11T15:35:41.742+09:00  WARN 18904 --- [http-nio-8081-exec-1] actStandardFragmentInsertionTagProcessor : [THYMELEAF][http-nio-8081-exec-1][login] Deprecated unwrapped fragment expression "common/sourceList :: sourceList" found in template login, line 9, col 8. Please use the complete syntax of fragment expressions instead ("~{common/sourceList :: sourceList}"). The old, unwrapped syntax for fragment expressions will be removed in future versions of Thymeleaf.
2024-06-11T15:35:41.744+09:00  WARN 18904 --- [http-nio-8081-exec-1] actStandardFragmentInsertionTagProcessor : [THYMELEAF][http-nio-8081-exec-1][login] Deprecated unwrapped fragment expression "common/messageIcon :: messageIcon" found in template login, line 10, col 8. Please use the complete syntax of fragment expressions instead ("~{common/messageIcon :: messageIcon}"). The old, unwrapped syntax for fragment expressions will be removed in future versions of Thymeleaf.
2024-06-11T15:35:57.398+09:00  INFO 18904 --- [http-nio-8081-exec-4] c.s.c.aspect.CommonLogAspect             : start:UserDetails com.sr.career_cruise.authentication.UserDetailsServiceImpl.loadUserByUsername(String)
2024-06-11T15:35:57.399+09:00  INFO 18904 --- [http-nio-8081-exec-4] c.s.c.aspect.CommonLogAspect             : start:Optional org.springframework.data.repository.CrudRepository.findById(Object)
2024-06-11T15:35:57.402+09:00  INFO 18904 --- [http-nio-8081-exec-4] c.s.c.aspect.CommonLogAspect             : end:Optional org.springframework.data.repository.CrudRepository.findById(Object)
2024-06-11T15:35:57.403+09:00  INFO 18904 --- [http-nio-8081-exec-4] c.s.c.aspect.CommonLogAspect             : end:UserDetails com.sr.career_cruise.authentication.UserDetailsServiceImpl.loadUserByUsername(String)
2024-06-11T15:35:57.455+09:00  INFO 18904 --- [http-nio-8081-exec-4] c.s.c.aspect.CommonLogAspect             : start:void com.sr.career_cruise.authentication.UserDetailsServiceImpl.handle(AuthenticationSuccessEvent)
2024-06-11T15:35:57.456+09:00  INFO 18904 --- [http-nio-8081-exec-4] c.s.c.aspect.CommonLogAspect             : start:Optional org.springframework.data.repository.CrudRepository.findById(Object)
2024-06-11T15:35:57.458+09:00  INFO 18904 --- [http-nio-8081-exec-4] c.s.c.aspect.CommonLogAspect             : end:Optional org.springframework.data.repository.CrudRepository.findById(Object)
2024-06-11T15:35:57.459+09:00  INFO 18904 --- [http-nio-8081-exec-4] c.s.c.aspect.CommonLogAspect             : start:Object org.springframework.data.repository.CrudRepository.save(Object)
2024-06-11T15:35:57.462+09:00  INFO 18904 --- [http-nio-8081-exec-4] c.s.c.aspect.CommonLogAspect             : end:Object org.springframework.data.repository.CrudRepository.save(Object)
2024-06-11T15:35:57.462+09:00  INFO 18904 --- [http-nio-8081-exec-4] c.s.c.aspect.CommonLogAspect             : end:void com.sr.career_cruise.authentication.UserDetailsServiceImpl.handle(AuthenticationSuccessEvent)
2024-06-11T15:35:57.467+09:00  INFO 18904 --- [http-nio-8081-exec-5] c.s.c.aspect.CommonLogAspect             : start:String com.sr.career_cruise.controller.MenuController.view(User,Model)
2024-06-11T15:35:57.468+09:00  INFO 18904 --- [http-nio-8081-exec-5] c.s.c.aspect.CommonLogAspect             : end:String com.sr.career_cruise.controller.MenuController.view(User,Model)
2024-06-11T15:35:57.469+09:00  WARN 18904 --- [http-nio-8081-exec-5] actStandardFragmentInsertionTagProcessor : [THYMELEAF][http-nio-8081-exec-5][menu] Deprecated unwrapped fragment expression "common/sourceList :: sourceList" found in template menu, line 9, col 8. Please use the complete syntax of fragment expressions instead ("~{common/sourceList :: sourceList}"). The old, unwrapped syntax for fragment expressions will be removed in future versions of Thymeleaf.
2024-06-11T15:35:57.471+09:00  WARN 18904 --- [http-nio-8081-exec-5] actStandardFragmentInsertionTagProcessor : [THYMELEAF][http-nio-8081-exec-5][menu] Deprecated unwrapped fragment expression "common/header :: header" found in template menu, line 10, col 8. Please use the complete syntax of fragment expressions instead ("~{common/header :: header}"). The old, unwrapped syntax for fragment expressions will be removed in future versions of Thymeleaf.
2024-06-11T15:38:40.153+09:00  INFO 18904 --- [File Watcher] rtingClassPathChangeChangedEventListener : Restarting due to 1 class path change (0 additions, 0 deletions, 1 modification)
2024-06-11T15:38:40.163+09:00  INFO 18904 --- [Thread-67] j.LocalContainerEntityManagerFactoryBean : Closing JPA EntityManagerFactory for persistence unit 'default'
2024-06-11T15:38:40.164+09:00  INFO 18904 --- [Thread-67] com.zaxxer.hikari.HikariDataSource       : HikariPool-17 - Shutdown initiated...
2024-06-11T15:38:40.167+09:00  INFO 18904 --- [Thread-67] com.zaxxer.hikari.HikariDataSource       : HikariPool-17 - Shutdown completed.
2024-06-11T15:38:40.238+09:00  INFO 18904 --- [restartedMain] c.s.c.CareerCruiseApplication            : Starting CareerCruiseApplication using Java 17.0.2 with PID 18904 (D:\career_cruise\target\classes started by ottotto in D:\career_cruise)
2024-06-11T15:38:40.238+09:00 DEBUG 18904 --- [restartedMain] c.s.c.CareerCruiseApplication            : Running with Spring Boot v3.2.3, Spring v6.1.4
2024-06-11T15:38:40.238+09:00  INFO 18904 --- [restartedMain] c.s.c.CareerCruiseApplication            : No active profile set, falling back to 1 default profile: "default"
2024-06-11T15:38:40.337+09:00  INFO 18904 --- [restartedMain] .s.d.r.c.RepositoryConfigurationDelegate : Bootstrapping Spring Data JPA repositories in DEFAULT mode.
2024-06-11T15:38:40.342+09:00  INFO 18904 --- [restartedMain] .s.d.r.c.RepositoryConfigurationDelegate : Finished Spring Data repository scanning in 4 ms. Found 1 JPA repository interface.
2024-06-11T15:38:40.403+09:00  INFO 18904 --- [restartedMain] o.s.b.w.embedded.tomcat.TomcatWebServer  : Tomcat initialized with port 8081 (http)
2024-06-11T15:38:40.403+09:00  INFO 18904 --- [restartedMain] o.apache.catalina.core.StandardService   : Starting service [Tomcat]
2024-06-11T15:38:40.404+09:00  INFO 18904 --- [restartedMain] o.apache.catalina.core.StandardEngine    : Starting Servlet engine: [Apache Tomcat/10.1.19]
2024-06-11T15:38:40.417+09:00  INFO 18904 --- [restartedMain] o.a.c.c.C.[Tomcat].[localhost].[/]       : Initializing Spring embedded WebApplicationContext
2024-06-11T15:38:40.418+09:00  INFO 18904 --- [restartedMain] w.s.c.ServletWebServerApplicationContext : Root WebApplicationContext: initialization completed in 179 ms
2024-06-11T15:38:40.443+09:00  INFO 18904 --- [restartedMain] com.zaxxer.hikari.HikariDataSource       : HikariPool-18 - Starting...
2024-06-11T15:38:40.449+09:00  INFO 18904 --- [restartedMain] com.zaxxer.hikari.pool.HikariPool        : HikariPool-18 - Added connection com.mysql.cj.jdbc.ConnectionImpl@3c407772
2024-06-11T15:38:40.450+09:00  INFO 18904 --- [restartedMain] com.zaxxer.hikari.HikariDataSource       : HikariPool-18 - Start completed.
2024-06-11T15:38:40.450+09:00  INFO 18904 --- [restartedMain] o.hibernate.jpa.internal.util.LogHelper  : HHH000204: Processing PersistenceUnitInfo [name: default]
2024-06-11T15:38:40.452+09:00  INFO 18904 --- [restartedMain] o.h.c.internal.RegionFactoryInitiator    : HHH000026: Second-level cache disabled
2024-06-11T15:38:40.455+09:00  INFO 18904 --- [restartedMain] o.s.o.j.p.SpringPersistenceUnitInfo      : No LoadTimeWeaver setup: ignoring JPA class transformer
2024-06-11T15:38:40.456+09:00  WARN 18904 --- [restartedMain] org.hibernate.dialect.Dialect            : HHH000511: The 5.7.0 version for [org.hibernate.dialect.MySQLDialect] is no longer supported, hence certain features may not work properly. The minimum supported version is 8.0.0. Check the community dialects project for available legacy versions.
2024-06-11T15:38:40.476+09:00  INFO 18904 --- [restartedMain] o.h.e.t.j.p.i.JtaPlatformInitiator       : HHH000489: No JTA platform available (set 'hibernate.transaction.jta.platform' to enable JTA platform integration)
2024-06-11T15:38:40.476+09:00  INFO 18904 --- [restartedMain] j.LocalContainerEntityManagerFactoryBean : Initialized JPA EntityManagerFactory for persistence unit 'default'
2024-06-11T15:38:40.520+09:00  INFO 18904 --- [restartedMain] c.s.c.aspect.CommonLogAspect             : start:PasswordEncoder com.sr.career_cruise.config.BeanDefine.passwordEncoder()
2024-06-11T15:38:40.520+09:00  INFO 18904 --- [restartedMain] c.s.c.aspect.CommonLogAspect             : end:PasswordEncoder com.sr.career_cruise.config.BeanDefine.passwordEncoder()
2024-06-11T15:38:40.528+09:00  INFO 18904 --- [restartedMain] c.s.c.aspect.CommonLogAspect             : start:Mapper com.sr.career_cruise.config.BeanDefine.mapper()
2024-06-11T15:38:40.528+09:00  INFO 18904 --- [restartedMain] org.dozer.DozerBeanMapper                : Initializing a new instance of dozer bean mapper.
2024-06-11T15:38:40.529+09:00  INFO 18904 --- [restartedMain] c.s.c.aspect.CommonLogAspect             : end:Mapper com.sr.career_cruise.config.BeanDefine.mapper()
2024-06-11T15:38:40.541+09:00  WARN 18904 --- [restartedMain] JpaBaseConfiguration$JpaWebConfiguration : spring.jpa.open-in-view is enabled by default. Therefore, database queries may be performed during view rendering. Explicitly configure spring.jpa.open-in-view to disable this warning
2024-06-11T15:38:40.548+09:00  INFO 18904 --- [restartedMain] c.s.c.aspect.CommonLogAspect             : start:AuthenticationProvider com.sr.career_cruise.config.WebSecurityConfig.daoAuthenticationProvider()
2024-06-11T15:38:40.549+09:00  INFO 18904 --- [restartedMain] c.s.c.aspect.CommonLogAspect             : end:AuthenticationProvider com.sr.career_cruise.config.WebSecurityConfig.daoAuthenticationProvider()
2024-06-11T15:38:40.601+09:00  INFO 18904 --- [restartedMain] c.s.c.aspect.CommonLogAspect             : start:SecurityFilterChain com.sr.career_cruise.config.WebSecurityConfig.securityFilterChain(HttpSecurity)
2024-06-11T15:38:40.610+09:00  INFO 18904 --- [restartedMain] o.s.s.web.DefaultSecurityFilterChain     : Will secure any request with [org.springframework.security.web.session.DisableEncodeUrlFilter@6125f07e, org.springframework.security.web.context.request.async.WebAsyncManagerIntegrationFilter@597cccfd, org.springframework.security.web.context.SecurityContextHolderFilter@1ffab329, org.springframework.security.web.header.HeaderWriterFilter@13cc95f1, org.springframework.web.filter.CorsFilter@eb24729, org.springframework.security.web.csrf.CsrfFilter@168435eb, org.springframework.security.web.authentication.logout.LogoutFilter@502559d4, org.springframework.security.web.authentication.UsernamePasswordAuthenticationFilter@1b34f135, org.springframework.security.web.savedrequest.RequestCacheAwareFilter@2866f650, org.springframework.security.web.servletapi.SecurityContextHolderAwareRequestFilter@6d98b108, org.springframework.security.web.authentication.AnonymousAuthenticationFilter@3233a293, org.springframework.security.web.access.ExceptionTranslationFilter@5132813d, org.springframework.security.web.access.intercept.AuthorizationFilter@67d609e2]
2024-06-11T15:38:40.611+09:00  INFO 18904 --- [restartedMain] c.s.c.aspect.CommonLogAspect             : end:SecurityFilterChain com.sr.career_cruise.config.WebSecurityConfig.securityFilterChain(HttpSecurity)
2024-06-11T15:38:40.684+09:00  INFO 18904 --- [restartedMain] o.s.b.d.a.OptionalLiveReloadServer       : LiveReload server is running on port 35729
2024-06-11T15:38:40.691+09:00  INFO 18904 --- [restartedMain] o.s.b.w.embedded.tomcat.TomcatWebServer  : Tomcat started on port 8081 (http) with context path ''
2024-06-11T15:38:40.693+09:00  INFO 18904 --- [restartedMain] c.s.c.CareerCruiseApplication            : Started CareerCruiseApplication in 0.468 seconds (process running for 1845.708)
2024-06-11T15:38:40.694+09:00  INFO 18904 --- [restartedMain] .ConditionEvaluationDeltaLoggingListener : Condition evaluation unchanged
