2024-06-11T15:07:56.049+09:00  INFO 18904 --- [restartedMain] c.s.c.CareerCruiseApplication            : Starting CareerCruiseApplication using Java 17.0.2 with PID 18904 (D:\career_cruise\target\classes started by ottotto in D:\career_cruise)
2024-06-11T15:07:56.051+09:00 DEBUG 18904 --- [restartedMain] c.s.c.CareerCruiseApplication            : Running with Spring Boot v3.2.3, Spring v6.1.4
2024-06-11T15:07:56.052+09:00  INFO 18904 --- [restartedMain] c.s.c.CareerCruiseApplication            : No active profile set, falling back to 1 default profile: "default"
2024-06-11T15:07:56.087+09:00  INFO 18904 --- [restartedMain] .e.DevToolsPropertyDefaultsPostProcessor : Devtools property defaults active! Set 'spring.devtools.add-properties' to 'false' to disable
2024-06-11T15:07:56.088+09:00  INFO 18904 --- [restartedMain] .e.DevToolsPropertyDefaultsPostProcessor : For additional web related logging consider setting the 'logging.level.web' property to 'DEBUG'
2024-06-11T15:07:56.695+09:00  INFO 18904 --- [restartedMain] .s.d.r.c.RepositoryConfigurationDelegate : Bootstrapping Spring Data JPA repositories in DEFAULT mode.
2024-06-11T15:07:56.739+09:00  INFO 18904 --- [restartedMain] .s.d.r.c.RepositoryConfigurationDelegate : Finished Spring Data repository scanning in 37 ms. Found 1 JPA repository interface.
2024-06-11T15:07:57.547+09:00  INFO 18904 --- [restartedMain] o.s.b.w.embedded.tomcat.TomcatWebServer  : Tomcat initialized with port 8081 (http)
2024-06-11T15:07:57.569+09:00  INFO 18904 --- [restartedMain] o.apache.catalina.core.StandardService   : Starting service [Tomcat]
2024-06-11T15:07:57.570+09:00  INFO 18904 --- [restartedMain] o.apache.catalina.core.StandardEngine    : Starting Servlet engine: [Apache Tomcat/10.1.19]
2024-06-11T15:07:57.658+09:00  INFO 18904 --- [restartedMain] o.a.c.c.C.[Tomcat].[localhost].[/]       : Initializing Spring embedded WebApplicationContext
2024-06-11T15:07:57.659+09:00  INFO 18904 --- [restartedMain] w.s.c.ServletWebServerApplicationContext : Root WebApplicationContext: initialization completed in 1569 ms
2024-06-11T15:07:57.897+09:00  INFO 18904 --- [restartedMain] com.zaxxer.hikari.HikariDataSource       : HikariPool-1 - Starting...
2024-06-11T15:07:58.313+09:00  INFO 18904 --- [restartedMain] com.zaxxer.hikari.pool.HikariPool        : HikariPool-1 - Added connection com.mysql.cj.jdbc.ConnectionImpl@790079f3
2024-06-11T15:07:58.315+09:00  INFO 18904 --- [restartedMain] com.zaxxer.hikari.HikariDataSource       : HikariPool-1 - Start completed.
2024-06-11T15:07:58.351+09:00  INFO 18904 --- [restartedMain] o.hibernate.jpa.internal.util.LogHelper  : HHH000204: Processing PersistenceUnitInfo [name: default]
2024-06-11T15:07:58.403+09:00  INFO 18904 --- [restartedMain] org.hibernate.Version                    : HHH000412: Hibernate ORM core version 6.4.4.Final
2024-06-11T15:07:58.427+09:00  INFO 18904 --- [restartedMain] o.h.c.internal.RegionFactoryInitiator    : HHH000026: Second-level cache disabled
2024-06-11T15:07:58.678+09:00  INFO 18904 --- [restartedMain] o.s.o.j.p.SpringPersistenceUnitInfo      : No LoadTimeWeaver setup: ignoring JPA class transformer
2024-06-11T15:07:58.741+09:00  WARN 18904 --- [restartedMain] org.hibernate.dialect.Dialect            : HHH000511: The 5.7.0 version for [org.hibernate.dialect.MySQLDialect] is no longer supported, hence certain features may not work properly. The minimum supported version is 8.0.0. Check the community dialects project for available legacy versions.
2024-06-11T15:07:59.268+09:00  INFO 18904 --- [restartedMain] o.h.e.t.j.p.i.JtaPlatformInitiator       : HHH000489: No JTA platform available (set 'hibernate.transaction.jta.platform' to enable JTA platform integration)
2024-06-11T15:07:59.271+09:00  INFO 18904 --- [restartedMain] j.LocalContainerEntityManagerFactoryBean : Initialized JPA EntityManagerFactory for persistence unit 'default'
2024-06-11T15:07:59.772+09:00  INFO 18904 --- [restartedMain] c.s.c.aspect.CommonLogAspect             : start:PasswordEncoder com.sr.career_cruise.config.BeanDefine.passwordEncoder()
2024-06-11T15:07:59.775+09:00  INFO 18904 --- [restartedMain] c.s.c.aspect.CommonLogAspect             : end:PasswordEncoder com.sr.career_cruise.config.BeanDefine.passwordEncoder()
2024-06-11T15:07:59.813+09:00  INFO 18904 --- [restartedMain] c.s.c.aspect.CommonLogAspect             : start:Mapper com.sr.career_cruise.config.BeanDefine.mapper()
2024-06-11T15:07:59.820+09:00  INFO 18904 --- [restartedMain] org.dozer.config.GlobalSettings          : Trying to find Dozer configuration file: dozer.properties
2024-06-11T15:07:59.837+09:00  WARN 18904 --- [restartedMain] org.dozer.config.GlobalSettings          : Dozer configuration file not found: dozer.properties.  Using defaults for all Dozer global properties.
2024-06-11T15:07:59.841+09:00  INFO 18904 --- [restartedMain] org.dozer.DozerInitializer               : Initializing Dozer. Version: 5.5.0, Thread Name: restartedMain
2024-06-11T15:07:59.847+09:00  INFO 18904 --- [restartedMain] org.dozer.jmx.JMXPlatformImpl            : Dozer JMX MBean [org.dozer.jmx:type=DozerStatisticsController] auto registered with the Platform MBean Server
2024-06-11T15:07:59.849+09:00  INFO 18904 --- [restartedMain] org.dozer.jmx.JMXPlatformImpl            : Dozer JMX MBean [org.dozer.jmx:type=DozerAdminController] auto registered with the Platform MBean Server
2024-06-11T15:07:59.850+09:00  INFO 18904 --- [restartedMain] org.dozer.DozerBeanMapper                : Initializing a new instance of dozer bean mapper.
2024-06-11T15:07:59.855+09:00  INFO 18904 --- [restartedMain] c.s.c.aspect.CommonLogAspect             : end:Mapper com.sr.career_cruise.config.BeanDefine.mapper()
2024-06-11T15:07:59.953+09:00  WARN 18904 --- [restartedMain] JpaBaseConfiguration$JpaWebConfiguration : spring.jpa.open-in-view is enabled by default. Therefore, database queries may be performed during view rendering. Explicitly configure spring.jpa.open-in-view to disable this warning
2024-06-11T15:07:59.994+09:00  INFO 18904 --- [restartedMain] c.s.c.aspect.CommonLogAspect             : start:AuthenticationProvider com.sr.career_cruise.config.WebSecurityConfig.daoAuthenticationProvider()
2024-06-11T15:08:00.015+09:00  INFO 18904 --- [restartedMain] c.s.c.aspect.CommonLogAspect             : end:AuthenticationProvider com.sr.career_cruise.config.WebSecurityConfig.daoAuthenticationProvider()
2024-06-11T15:08:00.470+09:00  INFO 18904 --- [restartedMain] c.s.c.aspect.CommonLogAspect             : start:SecurityFilterChain com.sr.career_cruise.config.WebSecurityConfig.securityFilterChain(HttpSecurity)
2024-06-11T15:08:00.552+09:00  INFO 18904 --- [restartedMain] o.s.s.web.DefaultSecurityFilterChain     : Will secure any request with [org.springframework.security.web.session.DisableEncodeUrlFilter@1f7ee192, org.springframework.security.web.context.request.async.WebAsyncManagerIntegrationFilter@76e770e2, org.springframework.security.web.context.SecurityContextHolderFilter@20ed9e88, org.springframework.security.web.header.HeaderWriterFilter@2ee25229, org.springframework.web.filter.CorsFilter@45cc5c27, org.springframework.security.web.csrf.CsrfFilter@4538977f, org.springframework.security.web.authentication.logout.LogoutFilter@445ccc52, org.springframework.security.web.authentication.UsernamePasswordAuthenticationFilter@5a0d32b3, org.springframework.security.web.savedrequest.RequestCacheAwareFilter@4a70e1cb, org.springframework.security.web.servletapi.SecurityContextHolderAwareRequestFilter@6d0427ad, org.springframework.security.web.authentication.AnonymousAuthenticationFilter@3b061f1a, org.springframework.security.web.access.ExceptionTranslationFilter@6568c051, org.springframework.security.web.access.intercept.AuthorizationFilter@71230a7d]
2024-06-11T15:08:00.553+09:00  INFO 18904 --- [restartedMain] c.s.c.aspect.CommonLogAspect             : end:SecurityFilterChain com.sr.career_cruise.config.WebSecurityConfig.securityFilterChain(HttpSecurity)
2024-06-11T15:08:01.124+09:00  INFO 18904 --- [restartedMain] o.s.b.d.a.OptionalLiveReloadServer       : LiveReload server is running on port 35729
2024-06-11T15:08:01.186+09:00  INFO 18904 --- [restartedMain] o.s.b.w.embedded.tomcat.TomcatWebServer  : Tomcat started on port 8081 (http) with context path ''
2024-06-11T15:08:01.199+09:00  INFO 18904 --- [restartedMain] c.s.c.CareerCruiseApplication            : Started CareerCruiseApplication in 5.416 seconds (process running for 6.214)
2024-06-11T15:08:07.201+09:00  INFO 18904 --- [http-nio-8081-exec-1] o.a.c.c.C.[Tomcat].[localhost].[/]       : Initializing Spring DispatcherServlet 'dispatcherServlet'
2024-06-11T15:08:07.201+09:00  INFO 18904 --- [http-nio-8081-exec-1] o.s.web.servlet.DispatcherServlet        : Initializing Servlet 'dispatcherServlet'
2024-06-11T15:08:07.202+09:00  INFO 18904 --- [http-nio-8081-exec-1] o.s.web.servlet.DispatcherServlet        : Completed initialization in 1 ms
2024-06-11T15:08:07.327+09:00  INFO 18904 --- [http-nio-8081-exec-2] c.s.c.aspect.CommonLogAspect             : start:String com.sr.career_cruise.controller.LoginController.view(Model,LoginForm)
2024-06-11T15:08:07.327+09:00  INFO 18904 --- [http-nio-8081-exec-2] c.s.c.aspect.CommonLogAspect             : end:String com.sr.career_cruise.controller.LoginController.view(Model,LoginForm)
2024-06-11T15:08:07.443+09:00  WARN 18904 --- [http-nio-8081-exec-2] actStandardFragmentInsertionTagProcessor : [THYMELEAF][http-nio-8081-exec-2][login] Deprecated unwrapped fragment expression "common/sourceList :: sourceList" found in template login, line 9, col 8. Please use the complete syntax of fragment expressions instead ("~{common/sourceList :: sourceList}"). The old, unwrapped syntax for fragment expressions will be removed in future versions of Thymeleaf.
2024-06-11T15:08:07.504+09:00  WARN 18904 --- [http-nio-8081-exec-2] actStandardFragmentInsertionTagProcessor : [THYMELEAF][http-nio-8081-exec-2][login] Deprecated unwrapped fragment expression "common/messageIcon :: messageIcon" found in template login, line 10, col 8. Please use the complete syntax of fragment expressions instead ("~{common/messageIcon :: messageIcon}"). The old, unwrapped syntax for fragment expressions will be removed in future versions of Thymeleaf.
2024-06-11T15:11:15.643+09:00  INFO 18904 --- [http-nio-8081-exec-7] c.s.c.aspect.CommonLogAspect             : start:UserDetails com.sr.career_cruise.authentication.UserDetailsServiceImpl.loadUserByUsername(String)
2024-06-11T15:11:15.646+09:00  INFO 18904 --- [http-nio-8081-exec-7] c.s.c.aspect.CommonLogAspect             : start:Optional org.springframework.data.repository.CrudRepository.findById(Object)
2024-06-11T15:11:15.702+09:00  INFO 18904 --- [http-nio-8081-exec-7] c.s.c.aspect.CommonLogAspect             : end:Optional org.springframework.data.repository.CrudRepository.findById(Object)
2024-06-11T15:11:15.703+09:00  INFO 18904 --- [http-nio-8081-exec-7] c.s.c.aspect.CommonLogAspect             : end:UserDetails com.sr.career_cruise.authentication.UserDetailsServiceImpl.loadUserByUsername(String)
2024-06-11T15:11:15.756+09:00  INFO 18904 --- [http-nio-8081-exec-7] c.s.c.aspect.CommonLogAspect             : start:void com.sr.career_cruise.authentication.UserDetailsServiceImpl.handle(AuthenticationSuccessEvent)
2024-06-11T15:11:15.757+09:00  INFO 18904 --- [http-nio-8081-exec-7] c.s.c.aspect.CommonLogAspect             : start:Optional org.springframework.data.repository.CrudRepository.findById(Object)
2024-06-11T15:11:15.760+09:00  INFO 18904 --- [http-nio-8081-exec-7] c.s.c.aspect.CommonLogAspect             : end:Optional org.springframework.data.repository.CrudRepository.findById(Object)
2024-06-11T15:11:15.760+09:00  INFO 18904 --- [http-nio-8081-exec-7] c.s.c.aspect.CommonLogAspect             : start:Object org.springframework.data.repository.CrudRepository.save(Object)
2024-06-11T15:11:15.775+09:00  INFO 18904 --- [http-nio-8081-exec-7] c.s.c.aspect.CommonLogAspect             : end:Object org.springframework.data.repository.CrudRepository.save(Object)
2024-06-11T15:11:15.775+09:00  INFO 18904 --- [http-nio-8081-exec-7] c.s.c.aspect.CommonLogAspect             : end:void com.sr.career_cruise.authentication.UserDetailsServiceImpl.handle(AuthenticationSuccessEvent)
2024-06-11T15:11:15.783+09:00  INFO 18904 --- [http-nio-8081-exec-8] c.s.c.aspect.CommonLogAspect             : start:String com.sr.career_cruise.controller.MenuController.view(User,Model)
2024-06-11T15:11:15.785+09:00  INFO 18904 --- [http-nio-8081-exec-8] c.s.c.aspect.CommonLogAspect             : end:String com.sr.career_cruise.controller.MenuController.view(User,Model)
2024-06-11T15:11:15.793+09:00  WARN 18904 --- [http-nio-8081-exec-8] actStandardFragmentInsertionTagProcessor : [THYMELEAF][http-nio-8081-exec-8][menu] Deprecated unwrapped fragment expression "common/sourceList :: sourceList" found in template menu, line 9, col 8. Please use the complete syntax of fragment expressions instead ("~{common/sourceList :: sourceList}"). The old, unwrapped syntax for fragment expressions will be removed in future versions of Thymeleaf.
2024-06-11T15:11:15.796+09:00  WARN 18904 --- [http-nio-8081-exec-8] actStandardFragmentInsertionTagProcessor : [THYMELEAF][http-nio-8081-exec-8][menu] Deprecated unwrapped fragment expression "common/header :: header" found in template menu, line 10, col 8. Please use the complete syntax of fragment expressions instead ("~{common/header :: header}"). The old, unwrapped syntax for fragment expressions will be removed in future versions of Thymeleaf.
2024-06-11T15:15:37.977+09:00  INFO 18904 --- [File Watcher] rtingClassPathChangeChangedEventListener : Restarting due to 1 class path change (0 additions, 0 deletions, 1 modification)
2024-06-11T15:15:37.992+09:00  INFO 18904 --- [Thread-5] j.LocalContainerEntityManagerFactoryBean : Closing JPA EntityManagerFactory for persistence unit 'default'
2024-06-11T15:15:37.995+09:00  INFO 18904 --- [Thread-5] com.zaxxer.hikari.HikariDataSource       : HikariPool-1 - Shutdown initiated...
2024-06-11T15:15:38.003+09:00  INFO 18904 --- [Thread-5] com.zaxxer.hikari.HikariDataSource       : HikariPool-1 - Shutdown completed.
2024-06-11T15:22:39.142+09:00  INFO 18904 --- [restartedMain] c.s.c.CareerCruiseApplication            : Starting CareerCruiseApplication using Java 17.0.2 with PID 18904 (D:\career_cruise\target\classes started by ottotto in D:\career_cruise)
2024-06-11T15:22:39.142+09:00 DEBUG 18904 --- [restartedMain] c.s.c.CareerCruiseApplication            : Running with Spring Boot v3.2.3, Spring v6.1.4
2024-06-11T15:22:39.142+09:00  INFO 18904 --- [restartedMain] c.s.c.CareerCruiseApplication            : No active profile set, falling back to 1 default profile: "default"
2024-06-11T15:22:39.233+09:00  INFO 18904 --- [restartedMain] .s.d.r.c.RepositoryConfigurationDelegate : Bootstrapping Spring Data JPA repositories in DEFAULT mode.
2024-06-11T15:22:39.240+09:00  INFO 18904 --- [restartedMain] .s.d.r.c.RepositoryConfigurationDelegate : Finished Spring Data repository scanning in 6 ms. Found 1 JPA repository interface.
2024-06-11T15:22:39.312+09:00  INFO 18904 --- [restartedMain] o.s.b.w.embedded.tomcat.TomcatWebServer  : Tomcat initialized with port 8081 (http)
2024-06-11T15:22:39.312+09:00  INFO 18904 --- [restartedMain] o.apache.catalina.core.StandardService   : Starting service [Tomcat]
2024-06-11T15:22:39.312+09:00  INFO 18904 --- [restartedMain] o.apache.catalina.core.StandardEngine    : Starting Servlet engine: [Apache Tomcat/10.1.19]
2024-06-11T15:22:39.329+09:00  INFO 18904 --- [restartedMain] o.a.c.c.C.[Tomcat].[localhost].[/]       : Initializing Spring embedded WebApplicationContext
2024-06-11T15:22:39.329+09:00  INFO 18904 --- [restartedMain] w.s.c.ServletWebServerApplicationContext : Root WebApplicationContext: initialization completed in 185 ms
2024-06-11T15:22:39.364+09:00  INFO 18904 --- [restartedMain] com.zaxxer.hikari.HikariDataSource       : HikariPool-8 - Starting...
2024-06-11T15:22:39.371+09:00  INFO 18904 --- [restartedMain] com.zaxxer.hikari.pool.HikariPool        : HikariPool-8 - Added connection com.mysql.cj.jdbc.ConnectionImpl@297e2ff6
2024-06-11T15:22:39.371+09:00  INFO 18904 --- [restartedMain] com.zaxxer.hikari.HikariDataSource       : HikariPool-8 - Start completed.
2024-06-11T15:22:39.372+09:00  INFO 18904 --- [restartedMain] o.hibernate.jpa.internal.util.LogHelper  : HHH000204: Processing PersistenceUnitInfo [name: default]
2024-06-11T15:22:39.374+09:00  INFO 18904 --- [restartedMain] o.h.c.internal.RegionFactoryInitiator    : HHH000026: Second-level cache disabled
2024-06-11T15:22:39.377+09:00  INFO 18904 --- [restartedMain] o.s.o.j.p.SpringPersistenceUnitInfo      : No LoadTimeWeaver setup: ignoring JPA class transformer
2024-06-11T15:22:39.379+09:00  WARN 18904 --- [restartedMain] org.hibernate.dialect.Dialect            : HHH000511: The 5.7.0 version for [org.hibernate.dialect.MySQLDialect] is no longer supported, hence certain features may not work properly. The minimum supported version is 8.0.0. Check the community dialects project for available legacy versions.
2024-06-11T15:22:39.410+09:00  INFO 18904 --- [restartedMain] o.h.e.t.j.p.i.JtaPlatformInitiator       : HHH000489: No JTA platform available (set 'hibernate.transaction.jta.platform' to enable JTA platform integration)
2024-06-11T15:22:39.410+09:00  INFO 18904 --- [restartedMain] j.LocalContainerEntityManagerFactoryBean : Initialized JPA EntityManagerFactory for persistence unit 'default'
2024-06-11T15:22:39.465+09:00  INFO 18904 --- [restartedMain] c.s.c.aspect.CommonLogAspect             : start:PasswordEncoder com.sr.career_cruise.config.BeanDefine.passwordEncoder()
2024-06-11T15:22:39.466+09:00  INFO 18904 --- [restartedMain] c.s.c.aspect.CommonLogAspect             : end:PasswordEncoder com.sr.career_cruise.config.BeanDefine.passwordEncoder()
2024-06-11T15:22:39.477+09:00  INFO 18904 --- [restartedMain] c.s.c.aspect.CommonLogAspect             : start:Mapper com.sr.career_cruise.config.BeanDefine.mapper()
2024-06-11T15:22:39.478+09:00  INFO 18904 --- [restartedMain] org.dozer.DozerBeanMapper                : Initializing a new instance of dozer bean mapper.
2024-06-11T15:22:39.478+09:00  INFO 18904 --- [restartedMain] c.s.c.aspect.CommonLogAspect             : end:Mapper com.sr.career_cruise.config.BeanDefine.mapper()
2024-06-11T15:22:39.494+09:00  WARN 18904 --- [restartedMain] JpaBaseConfiguration$JpaWebConfiguration : spring.jpa.open-in-view is enabled by default. Therefore, database queries may be performed during view rendering. Explicitly configure spring.jpa.open-in-view to disable this warning
2024-06-11T15:22:39.503+09:00  INFO 18904 --- [restartedMain] c.s.c.aspect.CommonLogAspect             : start:AuthenticationProvider com.sr.career_cruise.config.WebSecurityConfig.daoAuthenticationProvider()
2024-06-11T15:22:39.504+09:00  INFO 18904 --- [restartedMain] c.s.c.aspect.CommonLogAspect             : end:AuthenticationProvider com.sr.career_cruise.config.WebSecurityConfig.daoAuthenticationProvider()
2024-06-11T15:22:39.557+09:00  INFO 18904 --- [restartedMain] c.s.c.aspect.CommonLogAspect             : start:SecurityFilterChain com.sr.career_cruise.config.WebSecurityConfig.securityFilterChain(HttpSecurity)
2024-06-11T15:22:39.565+09:00  INFO 18904 --- [restartedMain] o.s.s.web.DefaultSecurityFilterChain     : Will secure any request with [org.springframework.security.web.session.DisableEncodeUrlFilter@7c0b6075, org.springframework.security.web.context.request.async.WebAsyncManagerIntegrationFilter@2d6d9fb2, org.springframework.security.web.context.SecurityContextHolderFilter@329258e4, org.springframework.security.web.header.HeaderWriterFilter@159febd5, org.springframework.web.filter.CorsFilter@75d3920b, org.springframework.security.web.csrf.CsrfFilter@7114b7d5, org.springframework.security.web.authentication.logout.LogoutFilter@2e7976b9, org.springframework.security.web.authentication.UsernamePasswordAuthenticationFilter@19221156, org.springframework.security.web.savedrequest.RequestCacheAwareFilter@666cfb7c, org.springframework.security.web.servletapi.SecurityContextHolderAwareRequestFilter@6427c4f6, org.springframework.security.web.authentication.AnonymousAuthenticationFilter@7c728546, org.springframework.security.web.access.ExceptionTranslationFilter@4258022d, org.springframework.security.web.access.intercept.AuthorizationFilter@7595be7a]
2024-06-11T15:22:39.566+09:00  INFO 18904 --- [restartedMain] c.s.c.aspect.CommonLogAspect             : end:SecurityFilterChain com.sr.career_cruise.config.WebSecurityConfig.securityFilterChain(HttpSecurity)
2024-06-11T15:22:39.652+09:00  INFO 18904 --- [restartedMain] o.s.b.d.a.OptionalLiveReloadServer       : LiveReload server is running on port 35729
2024-06-11T15:22:39.657+09:00  INFO 18904 --- [restartedMain] o.s.b.w.embedded.tomcat.TomcatWebServer  : Tomcat started on port 8081 (http) with context path ''
2024-06-11T15:22:39.660+09:00  INFO 18904 --- [restartedMain] c.s.c.CareerCruiseApplication            : Started CareerCruiseApplication in 0.536 seconds (process running for 884.675)
2024-06-11T15:22:39.661+09:00  INFO 18904 --- [restartedMain] .ConditionEvaluationDeltaLoggingListener : Condition evaluation unchanged
2024-06-11T15:22:45.315+09:00  INFO 18904 --- [http-nio-8081-exec-1] o.a.c.c.C.[Tomcat].[localhost].[/]       : Initializing Spring DispatcherServlet 'dispatcherServlet'
2024-06-11T15:22:45.315+09:00  INFO 18904 --- [http-nio-8081-exec-1] o.s.web.servlet.DispatcherServlet        : Initializing Servlet 'dispatcherServlet'
2024-06-11T15:22:45.316+09:00  INFO 18904 --- [http-nio-8081-exec-1] o.s.web.servlet.DispatcherServlet        : Completed initialization in 1 ms
2024-06-11T15:22:45.322+09:00  INFO 18904 --- [http-nio-8081-exec-2] c.s.c.aspect.CommonLogAspect             : start:String com.sr.career_cruise.controller.SignupController.view(Model,SignupForm)
2024-06-11T15:22:45.322+09:00  INFO 18904 --- [http-nio-8081-exec-2] c.s.c.aspect.CommonLogAspect             : end:String com.sr.career_cruise.controller.SignupController.view(Model,SignupForm)
2024-06-11T15:22:45.330+09:00  WARN 18904 --- [http-nio-8081-exec-2] actStandardFragmentInsertionTagProcessor : [THYMELEAF][http-nio-8081-exec-2][signup] Deprecated unwrapped fragment expression "common/sourceList :: sourceList" found in template signup, line 9, col 8. Please use the complete syntax of fragment expressions instead ("~{common/sourceList :: sourceList}"). The old, unwrapped syntax for fragment expressions will be removed in future versions of Thymeleaf.
2024-06-11T15:22:45.332+09:00  WARN 18904 --- [http-nio-8081-exec-2] actStandardFragmentInsertionTagProcessor : [THYMELEAF][http-nio-8081-exec-2][signup] Deprecated unwrapped fragment expression "common/messageIcon :: messageIcon" found in template signup, line 10, col 8. Please use the complete syntax of fragment expressions instead ("~{common/messageIcon :: messageIcon}"). The old, unwrapped syntax for fragment expressions will be removed in future versions of Thymeleaf.
2024-06-11T15:26:48.518+09:00  INFO 18904 --- [File Watcher] rtingClassPathChangeChangedEventListener : Restarting due to 1 class path change (0 additions, 0 deletions, 1 modification)
2024-06-11T15:26:48.528+09:00  INFO 18904 --- [Thread-31] j.LocalContainerEntityManagerFactoryBean : Closing JPA EntityManagerFactory for persistence unit 'default'
2024-06-11T15:26:48.528+09:00  INFO 18904 --- [Thread-31] com.zaxxer.hikari.HikariDataSource       : HikariPool-8 - Shutdown initiated...
2024-06-11T15:26:48.531+09:00  INFO 18904 --- [Thread-31] com.zaxxer.hikari.HikariDataSource       : HikariPool-8 - Shutdown completed.
